{"C:\\Users\\Sven Brettschneider\\Documents\\Programmeren\\SourceTree\\NodeAssessment\\routes\\index.js":{"path":"C:\\Users\\Sven Brettschneider\\Documents\\Programmeren\\SourceTree\\NodeAssessment\\routes\\index.js","s":{"1":1,"2":1,"3":1,"4":1,"5":1,"6":1,"7":0,"8":1,"9":0,"10":1,"11":0,"12":0,"13":0,"14":0,"15":1,"16":3,"17":3,"18":1,"19":1,"20":1,"21":1,"22":1,"23":1,"24":1},"b":{"1":[0,0]},"f":{"1":1,"2":0,"3":0,"4":0,"5":0,"6":3,"7":1},"fnMap":{"1":{"name":"init","line":7,"loc":{"start":{"line":7,"column":0},"end":{"line":7,"column":16}}},"2":{"name":"(anonymous_2)","line":9,"loc":{"start":{"line":9,"column":20},"end":{"line":9,"column":39}}},"3":{"name":"(anonymous_3)","line":13,"loc":{"start":{"line":13,"column":46},"end":{"line":13,"column":65}}},"4":{"name":"(anonymous_4)","line":19,"loc":{"start":{"line":19,"column":34},"end":{"line":19,"column":54}}},"5":{"name":"(anonymous_5)","line":20,"loc":{"start":{"line":20,"column":40},"end":{"line":20,"column":65}}},"6":{"name":"(anonymous_6)","line":29,"loc":{"start":{"line":29,"column":24},"end":{"line":29,"column":44}}},"7":{"name":"(anonymous_7)","line":38,"loc":{"start":{"line":38,"column":17},"end":{"line":38,"column":42}}}},"statementMap":{"1":{"start":{"line":1,"column":0},"end":{"line":1,"column":33}},"2":{"start":{"line":2,"column":0},"end":{"line":2,"column":30}},"3":{"start":{"line":4,"column":0},"end":{"line":4,"column":31}},"4":{"start":{"line":5,"column":0},"end":{"line":5,"column":41}},"5":{"start":{"line":7,"column":0},"end":{"line":36,"column":1}},"6":{"start":{"line":9,"column":4},"end":{"line":11,"column":7}},"7":{"start":{"line":10,"column":8},"end":{"line":10,"column":34}},"8":{"start":{"line":13,"column":4},"end":{"line":17,"column":7}},"9":{"start":{"line":14,"column":8},"end":{"line":16,"column":11}},"10":{"start":{"line":19,"column":4},"end":{"line":26,"column":6}},"11":{"start":{"line":20,"column":8},"end":{"line":25,"column":11}},"12":{"start":{"line":21,"column":12},"end":{"line":23,"column":13}},"13":{"start":{"line":22,"column":16},"end":{"line":22,"column":89}},"14":{"start":{"line":24,"column":12},"end":{"line":24,"column":31}},"15":{"start":{"line":29,"column":4},"end":{"line":35,"column":7}},"16":{"start":{"line":30,"column":8},"end":{"line":33,"column":10}},"17":{"start":{"line":34,"column":8},"end":{"line":34,"column":27}},"18":{"start":{"line":38,"column":0},"end":{"line":45,"column":2}},"19":{"start":{"line":39,"column":4},"end":{"line":39,"column":15}},"20":{"start":{"line":40,"column":4},"end":{"line":40,"column":40}},"21":{"start":{"line":41,"column":4},"end":{"line":41,"column":53}},"22":{"start":{"line":42,"column":4},"end":{"line":42,"column":50}},"23":{"start":{"line":43,"column":4},"end":{"line":43,"column":11}},"24":{"start":{"line":44,"column":4},"end":{"line":44,"column":18}}},"branchMap":{"1":{"line":21,"type":"if","locations":[{"start":{"line":21,"column":12},"end":{"line":21,"column":12}},{"start":{"line":21,"column":12},"end":{"line":21,"column":12}}]}}},"C:\\Users\\Sven Brettschneider\\Documents\\Programmeren\\SourceTree\\NodeAssessment\\socket.js":{"path":"C:\\Users\\Sven Brettschneider\\Documents\\Programmeren\\SourceTree\\NodeAssessment\\socket.js","s":{"1":1,"2":1,"3":1,"4":0,"5":0,"6":0,"7":0,"8":1,"9":0,"10":0,"11":0,"12":0,"13":0,"14":0,"15":0,"16":0,"17":0,"18":1,"19":1,"20":0,"21":0,"22":1},"b":{"1":[0,1],"2":[1,1]},"f":{"1":0,"2":0,"3":0,"4":0,"5":0,"6":0,"7":0,"8":1},"fnMap":{"1":{"name":"initIo","line":4,"loc":{"start":{"line":4,"column":0},"end":{"line":4,"column":18}}},"2":{"name":"(anonymous_2)","line":5,"loc":{"start":{"line":5,"column":24},"end":{"line":5,"column":42}}},"3":{"name":"(anonymous_3)","line":7,"loc":{"start":{"line":7,"column":32},"end":{"line":7,"column":44}}},"4":{"name":"checkIn","line":13,"loc":{"start":{"line":13,"column":0},"end":{"line":13,"column":19}}},"5":{"name":"(anonymous_5)","line":14,"loc":{"start":{"line":14,"column":11},"end":{"line":14,"column":36}}},"6":{"name":"(anonymous_6)","line":15,"loc":{"start":{"line":15,"column":28},"end":{"line":15,"column":46}}},"7":{"name":"(anonymous_7)","line":16,"loc":{"start":{"line":16,"column":37},"end":{"line":16,"column":63}}},"8":{"name":"(anonymous_8)","line":29,"loc":{"start":{"line":29,"column":10},"end":{"line":29,"column":26}}}},"statementMap":{"1":{"start":{"line":1,"column":0},"end":{"line":1,"column":7}},"2":{"start":{"line":2,"column":0},"end":{"line":2,"column":9}},"3":{"start":{"line":4,"column":0},"end":{"line":11,"column":1}},"4":{"start":{"line":5,"column":4},"end":{"line":10,"column":7}},"5":{"start":{"line":6,"column":8},"end":{"line":6,"column":40}},"6":{"start":{"line":7,"column":8},"end":{"line":9,"column":11}},"7":{"start":{"line":8,"column":12},"end":{"line":8,"column":45}},"8":{"start":{"line":13,"column":0},"end":{"line":26,"column":1}},"9":{"start":{"line":14,"column":4},"end":{"line":25,"column":5}},"10":{"start":{"line":15,"column":8},"end":{"line":23,"column":11}},"11":{"start":{"line":16,"column":12},"end":{"line":22,"column":15}},"12":{"start":{"line":17,"column":16},"end":{"line":17,"column":38}},"13":{"start":{"line":18,"column":16},"end":{"line":18,"column":110}},"14":{"start":{"line":19,"column":16},"end":{"line":19,"column":97}},"15":{"start":{"line":20,"column":16},"end":{"line":20,"column":87}},"16":{"start":{"line":21,"column":16},"end":{"line":21,"column":44}},"17":{"start":{"line":24,"column":8},"end":{"line":24,"column":15}},"18":{"start":{"line":28,"column":0},"end":{"line":39,"column":2}},"19":{"start":{"line":30,"column":8},"end":{"line":33,"column":9}},"20":{"start":{"line":31,"column":12},"end":{"line":31,"column":51}},"21":{"start":{"line":32,"column":12},"end":{"line":32,"column":21}},"22":{"start":{"line":35,"column":8},"end":{"line":37,"column":9}}},"branchMap":{"1":{"line":30,"type":"if","locations":[{"start":{"line":30,"column":8},"end":{"line":30,"column":8}},{"start":{"line":30,"column":8},"end":{"line":30,"column":8}}]},"2":{"line":30,"type":"binary-expr","locations":[{"start":{"line":30,"column":12},"end":{"line":30,"column":15}},{"start":{"line":30,"column":19},"end":{"line":30,"column":23}}]}}},"C:\\Users\\Sven Brettschneider\\Documents\\Programmeren\\SourceTree\\NodeAssessment\\routes\\trip.js":{"path":"C:\\Users\\Sven Brettschneider\\Documents\\Programmeren\\SourceTree\\NodeAssessment\\routes\\trip.js","s":{"1":1,"2":1,"3":1,"4":1,"5":1,"6":0,"7":0,"8":1,"9":0,"10":1,"11":0,"12":0,"13":0,"14":0,"15":0,"16":1,"17":0,"18":0,"19":0,"20":0,"21":0,"22":0,"23":0,"24":1,"25":0,"26":0,"27":0,"28":0,"29":0,"30":1,"31":0,"32":0,"33":0,"34":0,"35":1,"36":0,"37":0,"38":0,"39":0,"40":0,"41":0,"42":0,"43":0,"44":0,"45":1,"46":0,"47":0,"48":0,"49":0,"50":0,"51":1,"52":1,"53":1,"54":1,"55":1,"56":1,"57":1,"58":1,"59":1,"60":1,"61":1,"62":1,"63":1,"64":1,"65":1,"66":1,"67":1,"68":1,"69":1,"70":1,"71":1,"72":1,"73":1,"74":1,"75":2,"76":1,"77":1,"78":2,"79":1,"80":1,"81":4,"82":4,"83":6,"84":6,"85":2,"86":2,"87":1,"88":1,"89":1,"90":1,"91":1,"92":1,"93":1,"94":1,"95":1,"96":1,"97":1,"98":1},"b":{"1":[0,0],"2":[0,0],"3":[0,0],"4":[0,0],"5":[0,0],"6":[0,0],"7":[1,0],"8":[1,0],"9":[1,1],"10":[1,0],"11":[1,1],"12":[1,0],"13":[1,0],"14":[2,4],"15":[1,0]},"f":{"1":0,"2":0,"3":0,"4":0,"5":0,"6":0,"7":0,"8":0,"9":0,"10":0,"11":0,"12":0,"13":0,"14":0,"15":0,"16":1,"17":1,"18":1,"19":1,"20":1,"21":1,"22":1,"23":1,"24":1,"25":2,"26":2,"27":4,"28":1},"fnMap":{"1":{"name":"(anonymous_1)","line":7,"loc":{"start":{"line":7,"column":16},"end":{"line":7,"column":36}}},"2":{"name":"(anonymous_2)","line":8,"loc":{"start":{"line":8,"column":48},"end":{"line":8,"column":71}}},"3":{"name":"(anonymous_3)","line":13,"loc":{"start":{"line":13,"column":24},"end":{"line":13,"column":44}}},"4":{"name":"(anonymous_4)","line":17,"loc":{"start":{"line":17,"column":17},"end":{"line":17,"column":37}}},"5":{"name":"(anonymous_5)","line":19,"loc":{"start":{"line":19,"column":14},"end":{"line":19,"column":27}}},"6":{"name":"(anonymous_6)","line":28,"loc":{"start":{"line":28,"column":20},"end":{"line":28,"column":40}}},"7":{"name":"(anonymous_7)","line":32,"loc":{"start":{"line":32,"column":14},"end":{"line":32,"column":27}}},"8":{"name":"(anonymous_8)","line":42,"loc":{"start":{"line":42,"column":19},"end":{"line":42,"column":39}}},"9":{"name":"(anonymous_9)","line":44,"loc":{"start":{"line":44,"column":35},"end":{"line":44,"column":58}}},"10":{"name":"(anonymous_10)","line":58,"loc":{"start":{"line":58,"column":22},"end":{"line":58,"column":42}}},"11":{"name":"(anonymous_11)","line":59,"loc":{"start":{"line":59,"column":38},"end":{"line":59,"column":51}}},"12":{"name":"(anonymous_12)","line":68,"loc":{"start":{"line":68,"column":30},"end":{"line":68,"column":48}}},"13":{"name":"(anonymous_13)","line":75,"loc":{"start":{"line":75,"column":48},"end":{"line":75,"column":61}}},"14":{"name":"(anonymous_14)","line":83,"loc":{"start":{"line":83,"column":42},"end":{"line":83,"column":60}}},"15":{"name":"(anonymous_15)","line":85,"loc":{"start":{"line":85,"column":58},"end":{"line":85,"column":71}}},"16":{"name":"(anonymous_16)","line":93,"loc":{"start":{"line":93,"column":41},"end":{"line":93,"column":59}}},"17":{"name":"(anonymous_17)","line":96,"loc":{"start":{"line":96,"column":41},"end":{"line":96,"column":74}}},"18":{"name":"(anonymous_18)","line":103,"loc":{"start":{"line":103,"column":32},"end":{"line":103,"column":50}}},"19":{"name":"(anonymous_19)","line":106,"loc":{"start":{"line":106,"column":20},"end":{"line":106,"column":53}}},"20":{"name":"(anonymous_20)","line":114,"loc":{"start":{"line":114,"column":32},"end":{"line":114,"column":50}}},"21":{"name":"(anonymous_21)","line":117,"loc":{"start":{"line":117,"column":20},"end":{"line":117,"column":53}}},"22":{"name":"(anonymous_22)","line":125,"loc":{"start":{"line":125,"column":43},"end":{"line":125,"column":53}}},"23":{"name":"(anonymous_23)","line":127,"loc":{"start":{"line":127,"column":41},"end":{"line":127,"column":60}}},"24":{"name":"addToReturn","line":131,"loc":{"start":{"line":131,"column":8},"end":{"line":131,"column":39}}},"25":{"name":"(anonymous_25)","line":133,"loc":{"start":{"line":133,"column":33},"end":{"line":133,"column":47}}},"26":{"name":"(anonymous_26)","line":139,"loc":{"start":{"line":139,"column":34},"end":{"line":139,"column":48}}},"27":{"name":"addItemToReturnObject","line":151,"loc":{"start":{"line":151,"column":0},"end":{"line":151,"column":66}}},"28":{"name":"(anonymous_28)","line":177,"loc":{"start":{"line":177,"column":17},"end":{"line":177,"column":60}}}},"statementMap":{"1":{"start":{"line":1,"column":0},"end":{"line":1,"column":33}},"2":{"start":{"line":2,"column":0},"end":{"line":2,"column":30}},"3":{"start":{"line":3,"column":0},"end":{"line":3,"column":52}},"4":{"start":{"line":4,"column":0},"end":{"line":4,"column":29}},"5":{"start":{"line":7,"column":0},"end":{"line":11,"column":3}},"6":{"start":{"line":8,"column":4},"end":{"line":10,"column":7}},"7":{"start":{"line":9,"column":6},"end":{"line":9,"column":81}},"8":{"start":{"line":13,"column":0},"end":{"line":15,"column":3}},"9":{"start":{"line":14,"column":4},"end":{"line":14,"column":64}},"10":{"start":{"line":17,"column":0},"end":{"line":26,"column":3}},"11":{"start":{"line":18,"column":4},"end":{"line":18,"column":90}},"12":{"start":{"line":19,"column":4},"end":{"line":25,"column":7}},"13":{"start":{"line":20,"column":6},"end":{"line":24,"column":7}},"14":{"start":{"line":21,"column":8},"end":{"line":21,"column":35}},"15":{"start":{"line":23,"column":8},"end":{"line":23,"column":33}},"16":{"start":{"line":28,"column":0},"end":{"line":40,"column":3}},"17":{"start":{"line":29,"column":4},"end":{"line":29,"column":112}},"18":{"start":{"line":30,"column":4},"end":{"line":30,"column":23}},"19":{"start":{"line":32,"column":4},"end":{"line":39,"column":7}},"20":{"start":{"line":33,"column":6},"end":{"line":38,"column":7}},"21":{"start":{"line":34,"column":8},"end":{"line":34,"column":25}},"22":{"start":{"line":35,"column":8},"end":{"line":35,"column":35}},"23":{"start":{"line":37,"column":8},"end":{"line":37,"column":33}},"24":{"start":{"line":42,"column":0},"end":{"line":56,"column":3}},"25":{"start":{"line":43,"column":4},"end":{"line":43,"column":29}},"26":{"start":{"line":44,"column":4},"end":{"line":55,"column":7}},"27":{"start":{"line":45,"column":6},"end":{"line":54,"column":7}},"28":{"start":{"line":46,"column":8},"end":{"line":46,"column":33}},"29":{"start":{"line":48,"column":8},"end":{"line":53,"column":34}},"30":{"start":{"line":58,"column":0},"end":{"line":66,"column":3}},"31":{"start":{"line":59,"column":4},"end":{"line":63,"column":7}},"32":{"start":{"line":60,"column":6},"end":{"line":62,"column":7}},"33":{"start":{"line":61,"column":8},"end":{"line":61,"column":23}},"34":{"start":{"line":65,"column":4},"end":{"line":65,"column":15}},"35":{"start":{"line":68,"column":0},"end":{"line":81,"column":3}},"36":{"start":{"line":69,"column":2},"end":{"line":69,"column":32}},"37":{"start":{"line":70,"column":2},"end":{"line":70,"column":24}},"38":{"start":{"line":71,"column":2},"end":{"line":74,"column":4}},"39":{"start":{"line":72,"column":6},"end":{"line":72,"column":41}},"40":{"start":{"line":73,"column":6},"end":{"line":73,"column":46}},"41":{"start":{"line":75,"column":2},"end":{"line":79,"column":5}},"42":{"start":{"line":76,"column":4},"end":{"line":78,"column":5}},"43":{"start":{"line":77,"column":6},"end":{"line":77,"column":85}},"44":{"start":{"line":80,"column":2},"end":{"line":80,"column":27}},"45":{"start":{"line":83,"column":0},"end":{"line":91,"column":3}},"46":{"start":{"line":84,"column":2},"end":{"line":84,"column":81}},"47":{"start":{"line":85,"column":2},"end":{"line":89,"column":5}},"48":{"start":{"line":86,"column":4},"end":{"line":88,"column":5}},"49":{"start":{"line":87,"column":6},"end":{"line":87,"column":21}},"50":{"start":{"line":90,"column":2},"end":{"line":90,"column":13}},"51":{"start":{"line":93,"column":0},"end":{"line":148,"column":3}},"52":{"start":{"line":95,"column":2},"end":{"line":147,"column":5}},"53":{"start":{"line":97,"column":4},"end":{"line":97,"column":39}},"54":{"start":{"line":98,"column":4},"end":{"line":146,"column":5}},"55":{"start":{"line":99,"column":6},"end":{"line":99,"column":63}},"56":{"start":{"line":101,"column":6},"end":{"line":101,"column":36}},"57":{"start":{"line":102,"column":6},"end":{"line":102,"column":22}},"58":{"start":{"line":103,"column":6},"end":{"line":112,"column":9}},"59":{"start":{"line":104,"column":8},"end":{"line":111,"column":11}},"60":{"start":{"line":107,"column":10},"end":{"line":109,"column":11}},"61":{"start":{"line":108,"column":12},"end":{"line":108,"column":37}},"62":{"start":{"line":110,"column":10},"end":{"line":110,"column":21}},"63":{"start":{"line":114,"column":6},"end":{"line":123,"column":9}},"64":{"start":{"line":115,"column":8},"end":{"line":122,"column":11}},"65":{"start":{"line":118,"column":10},"end":{"line":120,"column":11}},"66":{"start":{"line":119,"column":12},"end":{"line":119,"column":36}},"67":{"start":{"line":121,"column":10},"end":{"line":121,"column":21}},"68":{"start":{"line":125,"column":6},"end":{"line":145,"column":9}},"69":{"start":{"line":126,"column":8},"end":{"line":126,"column":41}},"70":{"start":{"line":127,"column":8},"end":{"line":129,"column":11}},"71":{"start":{"line":128,"column":10},"end":{"line":128,"column":33}},"72":{"start":{"line":131,"column":8},"end":{"line":144,"column":9}},"73":{"start":{"line":132,"column":10},"end":{"line":136,"column":11}},"74":{"start":{"line":133,"column":12},"end":{"line":135,"column":15}},"75":{"start":{"line":134,"column":14},"end":{"line":134,"column":67}},"76":{"start":{"line":138,"column":10},"end":{"line":142,"column":11}},"77":{"start":{"line":139,"column":12},"end":{"line":141,"column":15}},"78":{"start":{"line":140,"column":14},"end":{"line":140,"column":66}},"79":{"start":{"line":143,"column":10},"end":{"line":143,"column":33}},"80":{"start":{"line":151,"column":0},"end":{"line":174,"column":1}},"81":{"start":{"line":152,"column":2},"end":{"line":152,"column":13}},"82":{"start":{"line":154,"column":2},"end":{"line":159,"column":3}},"83":{"start":{"line":155,"column":4},"end":{"line":155,"column":52}},"84":{"start":{"line":156,"column":4},"end":{"line":158,"column":5}},"85":{"start":{"line":157,"column":6},"end":{"line":157,"column":13}},"86":{"start":{"line":160,"column":2},"end":{"line":165,"column":3}},"87":{"start":{"line":161,"column":4},"end":{"line":161,"column":50}},"88":{"start":{"line":162,"column":4},"end":{"line":164,"column":5}},"89":{"start":{"line":163,"column":6},"end":{"line":163,"column":13}},"90":{"start":{"line":166,"column":2},"end":{"line":172,"column":4}},"91":{"start":{"line":177,"column":0},"end":{"line":185,"column":2}},"92":{"start":{"line":178,"column":4},"end":{"line":178,"column":18}},"93":{"start":{"line":179,"column":4},"end":{"line":179,"column":51}},"94":{"start":{"line":180,"column":4},"end":{"line":180,"column":40}},"95":{"start":{"line":181,"column":4},"end":{"line":181,"column":53}},"96":{"start":{"line":182,"column":4},"end":{"line":182,"column":50}},"97":{"start":{"line":183,"column":4},"end":{"line":183,"column":16}},"98":{"start":{"line":184,"column":4},"end":{"line":184,"column":18}}},"branchMap":{"1":{"line":20,"type":"if","locations":[{"start":{"line":20,"column":6},"end":{"line":20,"column":6}},{"start":{"line":20,"column":6},"end":{"line":20,"column":6}}]},"2":{"line":33,"type":"if","locations":[{"start":{"line":33,"column":6},"end":{"line":33,"column":6}},{"start":{"line":33,"column":6},"end":{"line":33,"column":6}}]},"3":{"line":45,"type":"if","locations":[{"start":{"line":45,"column":6},"end":{"line":45,"column":6}},{"start":{"line":45,"column":6},"end":{"line":45,"column":6}}]},"4":{"line":60,"type":"if","locations":[{"start":{"line":60,"column":6},"end":{"line":60,"column":6}},{"start":{"line":60,"column":6},"end":{"line":60,"column":6}}]},"5":{"line":76,"type":"if","locations":[{"start":{"line":76,"column":4},"end":{"line":76,"column":4}},{"start":{"line":76,"column":4},"end":{"line":76,"column":4}}]},"6":{"line":86,"type":"if","locations":[{"start":{"line":86,"column":4},"end":{"line":86,"column":4}},{"start":{"line":86,"column":4},"end":{"line":86,"column":4}}]},"7":{"line":98,"type":"if","locations":[{"start":{"line":98,"column":4},"end":{"line":98,"column":4}},{"start":{"line":98,"column":4},"end":{"line":98,"column":4}}]},"8":{"line":107,"type":"if","locations":[{"start":{"line":107,"column":10},"end":{"line":107,"column":10}},{"start":{"line":107,"column":10},"end":{"line":107,"column":10}}]},"9":{"line":107,"type":"binary-expr","locations":[{"start":{"line":107,"column":14},"end":{"line":107,"column":20}},{"start":{"line":107,"column":24},"end":{"line":107,"column":50}}]},"10":{"line":118,"type":"if","locations":[{"start":{"line":118,"column":10},"end":{"line":118,"column":10}},{"start":{"line":118,"column":10},"end":{"line":118,"column":10}}]},"11":{"line":118,"type":"binary-expr","locations":[{"start":{"line":118,"column":14},"end":{"line":118,"column":20}},{"start":{"line":118,"column":24},"end":{"line":118,"column":50}}]},"12":{"line":132,"type":"if","locations":[{"start":{"line":132,"column":10},"end":{"line":132,"column":10}},{"start":{"line":132,"column":10},"end":{"line":132,"column":10}}]},"13":{"line":138,"type":"if","locations":[{"start":{"line":138,"column":10},"end":{"line":138,"column":10}},{"start":{"line":138,"column":10},"end":{"line":138,"column":10}}]},"14":{"line":156,"type":"if","locations":[{"start":{"line":156,"column":4},"end":{"line":156,"column":4}},{"start":{"line":156,"column":4},"end":{"line":156,"column":4}}]},"15":{"line":162,"type":"if","locations":[{"start":{"line":162,"column":4},"end":{"line":162,"column":4}},{"start":{"line":162,"column":4},"end":{"line":162,"column":4}}]}}},"C:\\Users\\Sven Brettschneider\\Documents\\Programmeren\\SourceTree\\NodeAssessment\\routes\\player.js":{"path":"C:\\Users\\Sven Brettschneider\\Documents\\Programmeren\\SourceTree\\NodeAssessment\\routes\\player.js","s":{"1":1,"2":1,"3":1,"4":1,"5":1,"6":0,"7":1,"8":1,"9":1,"10":0,"11":1,"12":1,"13":1,"14":0,"15":1,"16":1,"17":0,"18":0,"19":0,"20":0,"21":1,"22":0,"23":0,"24":0,"25":0,"26":0,"27":0,"28":0,"29":0,"30":1,"31":0,"32":0,"33":0,"34":0,"35":0,"36":1,"37":2,"38":4,"39":4,"40":4,"41":1,"42":3,"43":0,"44":3,"45":1,"46":2,"47":4,"48":1,"49":1,"50":1,"51":1,"52":1,"53":1,"54":1,"55":1},"b":{"1":[0,1],"2":[0,1],"3":[0,0],"4":[0,0],"5":[0,0],"6":[0,0],"7":[1,3],"8":[0,3],"9":[1,2],"10":[3,3]},"f":{"1":1,"2":0,"3":1,"4":1,"5":0,"6":0,"7":0,"8":0,"9":0,"10":0,"11":0,"12":2,"13":1},"fnMap":{"1":{"name":"init","line":5,"loc":{"start":{"line":5,"column":0},"end":{"line":5,"column":15}}},"2":{"name":"(anonymous_2)","line":6,"loc":{"start":{"line":6,"column":37},"end":{"line":6,"column":57}}},"3":{"name":"(anonymous_3)","line":11,"loc":{"start":{"line":11,"column":27},"end":{"line":11,"column":47}}},"4":{"name":"(anonymous_4)","line":12,"loc":{"start":{"line":12,"column":108},"end":{"line":12,"column":136}}},"5":{"name":"(anonymous_5)","line":34,"loc":{"start":{"line":34,"column":36},"end":{"line":34,"column":56}}},"6":{"name":"(anonymous_6)","line":43,"loc":{"start":{"line":43,"column":56},"end":{"line":43,"column":84}}},"7":{"name":"(anonymous_7)","line":58,"loc":{"start":{"line":58,"column":47},"end":{"line":58,"column":67}}},"8":{"name":"(anonymous_8)","line":60,"loc":{"start":{"line":60,"column":56},"end":{"line":60,"column":77}}},"9":{"name":"(anonymous_9)","line":65,"loc":{"start":{"line":65,"column":19},"end":{"line":65,"column":41}}},"10":{"name":"(anonymous_10)","line":74,"loc":{"start":{"line":74,"column":50},"end":{"line":74,"column":70}}},"11":{"name":"(anonymous_11)","line":78,"loc":{"start":{"line":78,"column":6},"end":{"line":78,"column":28}}},"12":{"name":"contestOverview","line":89,"loc":{"start":{"line":89,"column":0},"end":{"line":89,"column":47}}},"13":{"name":"(anonymous_13)","line":108,"loc":{"start":{"line":108,"column":17},"end":{"line":108,"column":42}}}},"statementMap":{"1":{"start":{"line":1,"column":0},"end":{"line":1,"column":33}},"2":{"start":{"line":2,"column":0},"end":{"line":2,"column":30}},"3":{"start":{"line":3,"column":0},"end":{"line":3,"column":31}},"4":{"start":{"line":5,"column":0},"end":{"line":87,"column":1}},"5":{"start":{"line":6,"column":2},"end":{"line":8,"column":5}},"6":{"start":{"line":7,"column":4},"end":{"line":7,"column":44}},"7":{"start":{"line":11,"column":2},"end":{"line":31,"column":5}},"8":{"start":{"line":12,"column":4},"end":{"line":30,"column":7}},"9":{"start":{"line":13,"column":8},"end":{"line":29,"column":9}},"10":{"start":{"line":14,"column":12},"end":{"line":16,"column":15}},"11":{"start":{"line":18,"column":12},"end":{"line":18,"column":62}},"12":{"start":{"line":19,"column":12},"end":{"line":19,"column":37}},"13":{"start":{"line":20,"column":12},"end":{"line":28,"column":13}},"14":{"start":{"line":21,"column":14},"end":{"line":21,"column":36}},"15":{"start":{"line":23,"column":14},"end":{"line":27,"column":17}},"16":{"start":{"line":34,"column":2},"end":{"line":55,"column":5}},"17":{"start":{"line":35,"column":4},"end":{"line":54,"column":7}},"18":{"start":{"line":44,"column":8},"end":{"line":53,"column":9}},"19":{"start":{"line":45,"column":12},"end":{"line":47,"column":15}},"20":{"start":{"line":49,"column":12},"end":{"line":52,"column":15}},"21":{"start":{"line":58,"column":2},"end":{"line":72,"column":5}},"22":{"start":{"line":60,"column":4},"end":{"line":71,"column":7}},"23":{"start":{"line":61,"column":6},"end":{"line":63,"column":7}},"24":{"start":{"line":62,"column":8},"end":{"line":62,"column":55}},"25":{"start":{"line":64,"column":6},"end":{"line":64,"column":48}},"26":{"start":{"line":65,"column":6},"end":{"line":70,"column":9}},"27":{"start":{"line":66,"column":8},"end":{"line":68,"column":9}},"28":{"start":{"line":67,"column":10},"end":{"line":67,"column":83}},"29":{"start":{"line":69,"column":8},"end":{"line":69,"column":58}},"30":{"start":{"line":74,"column":2},"end":{"line":86,"column":5}},"31":{"start":{"line":75,"column":4},"end":{"line":85,"column":6}},"32":{"start":{"line":79,"column":8},"end":{"line":81,"column":9}},"33":{"start":{"line":80,"column":10},"end":{"line":80,"column":66}},"34":{"start":{"line":82,"column":8},"end":{"line":82,"column":44}},"35":{"start":{"line":83,"column":8},"end":{"line":83,"column":19}},"36":{"start":{"line":89,"column":0},"end":{"line":104,"column":1}},"37":{"start":{"line":90,"column":2},"end":{"line":103,"column":3}},"38":{"start":{"line":91,"column":4},"end":{"line":91,"column":15}},"39":{"start":{"line":92,"column":4},"end":{"line":92,"column":33}},"40":{"start":{"line":93,"column":4},"end":{"line":101,"column":5}},"41":{"start":{"line":94,"column":6},"end":{"line":94,"column":26}},"42":{"start":{"line":95,"column":10},"end":{"line":101,"column":5}},"43":{"start":{"line":96,"column":6},"end":{"line":96,"column":21}},"44":{"start":{"line":97,"column":10},"end":{"line":101,"column":5}},"45":{"start":{"line":98,"column":6},"end":{"line":98,"column":26}},"46":{"start":{"line":100,"column":6},"end":{"line":100,"column":25}},"47":{"start":{"line":102,"column":4},"end":{"line":102,"column":35}},"48":{"start":{"line":108,"column":0},"end":{"line":116,"column":2}},"49":{"start":{"line":109,"column":4},"end":{"line":109,"column":40}},"50":{"start":{"line":110,"column":4},"end":{"line":110,"column":53}},"51":{"start":{"line":111,"column":4},"end":{"line":111,"column":50}},"52":{"start":{"line":112,"column":4},"end":{"line":112,"column":16}},"53":{"start":{"line":113,"column":4},"end":{"line":113,"column":49}},"54":{"start":{"line":114,"column":4},"end":{"line":114,"column":11}},"55":{"start":{"line":115,"column":4},"end":{"line":115,"column":18}}},"branchMap":{"1":{"line":13,"type":"if","locations":[{"start":{"line":13,"column":8},"end":{"line":13,"column":8}},{"start":{"line":13,"column":8},"end":{"line":13,"column":8}}]},"2":{"line":20,"type":"if","locations":[{"start":{"line":20,"column":12},"end":{"line":20,"column":12}},{"start":{"line":20,"column":12},"end":{"line":20,"column":12}}]},"3":{"line":44,"type":"if","locations":[{"start":{"line":44,"column":8},"end":{"line":44,"column":8}},{"start":{"line":44,"column":8},"end":{"line":44,"column":8}}]},"4":{"line":61,"type":"if","locations":[{"start":{"line":61,"column":6},"end":{"line":61,"column":6}},{"start":{"line":61,"column":6},"end":{"line":61,"column":6}}]},"5":{"line":66,"type":"if","locations":[{"start":{"line":66,"column":8},"end":{"line":66,"column":8}},{"start":{"line":66,"column":8},"end":{"line":66,"column":8}}]},"6":{"line":79,"type":"if","locations":[{"start":{"line":79,"column":8},"end":{"line":79,"column":8}},{"start":{"line":79,"column":8},"end":{"line":79,"column":8}}]},"7":{"line":93,"type":"if","locations":[{"start":{"line":93,"column":4},"end":{"line":93,"column":4}},{"start":{"line":93,"column":4},"end":{"line":93,"column":4}}]},"8":{"line":95,"type":"if","locations":[{"start":{"line":95,"column":10},"end":{"line":95,"column":10}},{"start":{"line":95,"column":10},"end":{"line":95,"column":10}}]},"9":{"line":97,"type":"if","locations":[{"start":{"line":97,"column":10},"end":{"line":97,"column":10}},{"start":{"line":97,"column":10},"end":{"line":97,"column":10}}]},"10":{"line":97,"type":"binary-expr","locations":[{"start":{"line":97,"column":13},"end":{"line":97,"column":49}},{"start":{"line":97,"column":53},"end":{"line":97,"column":74}}]}}}}