{"C:\\Users\\Rik\\Desktop\\NodeAssessment\\routes\\index.js":{"path":"C:\\Users\\Rik\\Desktop\\NodeAssessment\\routes\\index.js","s":{"1":1,"2":1,"3":1,"4":0,"5":1,"6":4,"7":4,"8":1},"b":{},"f":{"1":0,"2":4},"fnMap":{"1":{"name":"(anonymous_1)","line":5,"loc":{"start":{"line":5,"column":16},"end":{"line":5,"column":42}}},"2":{"name":"(anonymous_2)","line":10,"loc":{"start":{"line":10,"column":20},"end":{"line":10,"column":40}}}},"statementMap":{"1":{"start":{"line":1,"column":0},"end":{"line":1,"column":33}},"2":{"start":{"line":2,"column":0},"end":{"line":2,"column":30}},"3":{"start":{"line":5,"column":0},"end":{"line":7,"column":3}},"4":{"start":{"line":6,"column":4},"end":{"line":6,"column":45}},"5":{"start":{"line":10,"column":0},"end":{"line":16,"column":3}},"6":{"start":{"line":11,"column":4},"end":{"line":14,"column":6}},"7":{"start":{"line":15,"column":4},"end":{"line":15,"column":23}},"8":{"start":{"line":18,"column":0},"end":{"line":18,"column":24}}},"branchMap":{}}}