TN:
SF:C:\Users\Sven Brettschneider\Documents\Programmeren\SourceTree\NodeAssessment\routes\index.js
FN:7,init
FN:9,(anonymous_2)
FN:13,(anonymous_3)
FN:19,(anonymous_4)
FN:20,(anonymous_5)
FN:29,(anonymous_6)
FN:38,(anonymous_7)
FNF:7
FNH:3
FNDA:1,init
FNDA:0,(anonymous_2)
FNDA:0,(anonymous_3)
FNDA:0,(anonymous_4)
FNDA:0,(anonymous_5)
FNDA:3,(anonymous_6)
FNDA:1,(anonymous_7)
DA:1,1
DA:2,1
DA:4,1
DA:5,1
DA:7,1
DA:9,1
DA:10,0
DA:13,1
DA:14,0
DA:19,1
DA:20,0
DA:21,0
DA:22,0
DA:24,0
DA:29,1
DA:30,3
DA:34,3
DA:38,1
DA:39,1
DA:40,1
DA:41,1
DA:42,1
DA:43,1
DA:44,1
LF:24
LH:18
BRDA:21,1,0,0
BRDA:21,1,1,0
BRF:2
BRH:0
end_of_record
TN:
SF:C:\Users\Sven Brettschneider\Documents\Programmeren\SourceTree\NodeAssessment\socket.js
FN:4,initIo
FN:5,(anonymous_2)
FN:7,(anonymous_3)
FN:13,checkIn
FN:14,(anonymous_5)
FN:15,(anonymous_6)
FN:16,(anonymous_7)
FN:29,(anonymous_8)
FNF:8
FNH:1
FNDA:0,initIo
FNDA:0,(anonymous_2)
FNDA:0,(anonymous_3)
FNDA:0,checkIn
FNDA:0,(anonymous_5)
FNDA:0,(anonymous_6)
FNDA:0,(anonymous_7)
FNDA:1,(anonymous_8)
DA:1,1
DA:2,1
DA:4,1
DA:5,0
DA:6,0
DA:7,0
DA:8,0
DA:13,1
DA:14,0
DA:15,0
DA:16,0
DA:17,0
DA:18,0
DA:19,0
DA:20,0
DA:21,0
DA:24,0
DA:28,1
DA:30,1
DA:31,0
DA:32,0
DA:35,1
LF:22
LH:7
BRDA:30,1,0,0
BRDA:30,1,1,1
BRDA:30,2,0,1
BRDA:30,2,1,1
BRF:4
BRH:3
end_of_record
TN:
SF:C:\Users\Sven Brettschneider\Documents\Programmeren\SourceTree\NodeAssessment\routes\trip.js
FN:7,(anonymous_1)
FN:8,(anonymous_2)
FN:13,(anonymous_3)
FN:17,(anonymous_4)
FN:19,(anonymous_5)
FN:28,(anonymous_6)
FN:32,(anonymous_7)
FN:42,(anonymous_8)
FN:44,(anonymous_9)
FN:58,(anonymous_10)
FN:59,(anonymous_11)
FN:68,(anonymous_12)
FN:75,(anonymous_13)
FN:83,(anonymous_14)
FN:85,(anonymous_15)
FN:93,(anonymous_16)
FN:96,(anonymous_17)
FN:103,(anonymous_18)
FN:106,(anonymous_19)
FN:114,(anonymous_20)
FN:117,(anonymous_21)
FN:125,(anonymous_22)
FN:127,(anonymous_23)
FN:131,addToReturn
FN:133,(anonymous_25)
FN:139,(anonymous_26)
FN:151,addItemToReturnObject
FN:177,(anonymous_28)
FNF:28
FNH:13
FNDA:0,(anonymous_1)
FNDA:0,(anonymous_2)
FNDA:0,(anonymous_3)
FNDA:0,(anonymous_4)
FNDA:0,(anonymous_5)
FNDA:0,(anonymous_6)
FNDA:0,(anonymous_7)
FNDA:0,(anonymous_8)
FNDA:0,(anonymous_9)
FNDA:0,(anonymous_10)
FNDA:0,(anonymous_11)
FNDA:0,(anonymous_12)
FNDA:0,(anonymous_13)
FNDA:0,(anonymous_14)
FNDA:0,(anonymous_15)
FNDA:1,(anonymous_16)
FNDA:1,(anonymous_17)
FNDA:1,(anonymous_18)
FNDA:1,(anonymous_19)
FNDA:1,(anonymous_20)
FNDA:1,(anonymous_21)
FNDA:1,(anonymous_22)
FNDA:1,(anonymous_23)
FNDA:1,addToReturn
FNDA:2,(anonymous_25)
FNDA:2,(anonymous_26)
FNDA:4,addItemToReturnObject
FNDA:1,(anonymous_28)
DA:1,1
DA:2,1
DA:3,1
DA:4,1
DA:7,1
DA:8,0
DA:9,0
DA:13,1
DA:14,0
DA:17,1
DA:18,0
DA:19,0
DA:20,0
DA:21,0
DA:23,0
DA:28,1
DA:29,0
DA:30,0
DA:32,0
DA:33,0
DA:34,0
DA:35,0
DA:37,0
DA:42,1
DA:43,0
DA:44,0
DA:45,0
DA:46,0
DA:48,0
DA:58,1
DA:59,0
DA:60,0
DA:61,0
DA:65,0
DA:68,1
DA:69,0
DA:70,0
DA:71,0
DA:72,0
DA:73,0
DA:75,0
DA:76,0
DA:77,0
DA:80,0
DA:83,1
DA:84,0
DA:85,0
DA:86,0
DA:87,0
DA:90,0
DA:93,1
DA:95,1
DA:97,1
DA:98,1
DA:99,1
DA:101,1
DA:102,1
DA:103,1
DA:104,1
DA:107,1
DA:108,1
DA:110,1
DA:114,1
DA:115,1
DA:118,1
DA:119,1
DA:121,1
DA:125,1
DA:126,1
DA:127,1
DA:128,1
DA:131,1
DA:132,1
DA:133,1
DA:134,2
DA:138,1
DA:139,1
DA:140,2
DA:143,1
DA:151,1
DA:152,4
DA:154,4
DA:155,6
DA:156,6
DA:157,2
DA:160,2
DA:161,1
DA:162,1
DA:163,1
DA:166,1
DA:177,1
DA:178,1
DA:179,1
DA:180,1
DA:181,1
DA:182,1
DA:183,1
DA:184,1
LF:98
LH:60
BRDA:20,1,0,0
BRDA:20,1,1,0
BRDA:33,2,0,0
BRDA:33,2,1,0
BRDA:45,3,0,0
BRDA:45,3,1,0
BRDA:60,4,0,0
BRDA:60,4,1,0
BRDA:76,5,0,0
BRDA:76,5,1,0
BRDA:86,6,0,0
BRDA:86,6,1,0
BRDA:98,7,0,1
BRDA:98,7,1,0
BRDA:107,8,0,1
BRDA:107,8,1,0
BRDA:107,9,0,1
BRDA:107,9,1,1
BRDA:118,10,0,1
BRDA:118,10,1,0
BRDA:118,11,0,1
BRDA:118,11,1,1
BRDA:132,12,0,1
BRDA:132,12,1,0
BRDA:138,13,0,1
BRDA:138,13,1,0
BRDA:156,14,0,2
BRDA:156,14,1,4
BRDA:162,15,0,1
BRDA:162,15,1,0
BRF:30
BRH:12
end_of_record
TN:
SF:C:\Users\Sven Brettschneider\Documents\Programmeren\SourceTree\NodeAssessment\routes\player.js
FN:5,init
FN:6,(anonymous_2)
FN:11,(anonymous_3)
FN:12,(anonymous_4)
FN:34,(anonymous_5)
FN:43,(anonymous_6)
FN:58,(anonymous_7)
FN:60,(anonymous_8)
FN:65,(anonymous_9)
FN:74,(anonymous_10)
FN:78,(anonymous_11)
FN:89,contestOverview
FN:108,(anonymous_13)
FNF:13
FNH:5
FNDA:1,init
FNDA:0,(anonymous_2)
FNDA:1,(anonymous_3)
FNDA:1,(anonymous_4)
FNDA:0,(anonymous_5)
FNDA:0,(anonymous_6)
FNDA:0,(anonymous_7)
FNDA:0,(anonymous_8)
FNDA:0,(anonymous_9)
FNDA:0,(anonymous_10)
FNDA:0,(anonymous_11)
FNDA:2,contestOverview
FNDA:1,(anonymous_13)
DA:1,1
DA:2,1
DA:3,1
DA:5,1
DA:6,1
DA:7,0
DA:11,1
DA:12,1
DA:13,1
DA:14,0
DA:18,1
DA:19,1
DA:20,1
DA:21,0
DA:23,1
DA:34,1
DA:35,0
DA:44,0
DA:45,0
DA:49,0
DA:58,1
DA:60,0
DA:61,0
DA:62,0
DA:64,0
DA:65,0
DA:66,0
DA:67,0
DA:69,0
DA:74,1
DA:75,0
DA:79,0
DA:80,0
DA:82,0
DA:83,0
DA:89,1
DA:90,2
DA:91,4
DA:92,4
DA:93,4
DA:94,1
DA:95,3
DA:96,0
DA:97,3
DA:98,1
DA:100,2
DA:102,4
DA:108,1
DA:109,1
DA:110,1
DA:111,1
DA:112,1
DA:113,1
DA:114,1
DA:115,1
LF:55
LH:34
BRDA:13,1,0,0
BRDA:13,1,1,1
BRDA:20,2,0,0
BRDA:20,2,1,1
BRDA:44,3,0,0
BRDA:44,3,1,0
BRDA:61,4,0,0
BRDA:61,4,1,0
BRDA:66,5,0,0
BRDA:66,5,1,0
BRDA:79,6,0,0
BRDA:79,6,1,0
BRDA:93,7,0,1
BRDA:93,7,1,3
BRDA:95,8,0,0
BRDA:95,8,1,3
BRDA:97,9,0,1
BRDA:97,9,1,2
BRDA:97,10,0,3
BRDA:97,10,1,3
BRF:20
BRH:9
end_of_record
